[debug] [2023-10-06T06:44:20.063Z] ----------------------------------------------------------------------
[debug] [2023-10-06T06:44:20.065Z] Command:       C:\Program Files\nodejs\node.exe C:\Users\Aditya\AppData\Roaming\npm\node_modules\firebase-tools\lib\bin\firebase.js init
[debug] [2023-10-06T06:44:20.066Z] CLI Version:   12.6.2
[debug] [2023-10-06T06:44:20.067Z] Platform:      win32
[debug] [2023-10-06T06:44:20.067Z] Node Version:  v16.16.0
[debug] [2023-10-06T06:44:20.068Z] Time:          Fri Oct 06 2023 12:14:20 GMT+0530 (India Standard Time)
[debug] [2023-10-06T06:44:20.069Z] ----------------------------------------------------------------------
[debug] 
[debug] [2023-10-06T06:44:20.179Z] > command requires scopes: ["email","openid","https://www.googleapis.com/auth/cloudplatformprojects.readonly","https://www.googleapis.com/auth/firebase","https://www.googleapis.com/auth/cloud-platform"]
[debug] [2023-10-06T06:44:20.180Z] > authorizing via signed-in user (pvn.kumar4@gmail.com)
[info] 
     ######## #### ########  ######## ########     ###     ######  ########
     ##        ##  ##     ## ##       ##     ##  ##   ##  ##       ##
     ######    ##  ########  ######   ########  #########  ######  ######
     ##        ##  ##    ##  ##       ##     ## ##     ##       ## ##
     ##       #### ##     ## ######## ########  ##     ##  ######  ########

You're about to initialize a Firebase project in this directory:

  F:\takeoff\mytradingsetup

Before we get started, keep in mind:

  * You are initializing within an existing Firebase project directory

